TN:
SF:/Users/tianqiao/Desktop/Vue_Starter/src/views/Dashboard.vue
FNF:0
FNH:0
LF:0
LH:0
BRF:0
BRH:0
end_of_record
TN:
SF:/Users/tianqiao/Desktop/Vue_Starter/src/App.vue
FNF:0
FNH:0
LF:0
LH:0
BRF:0
BRH:0
end_of_record
TN:
SF:/Users/tianqiao/Desktop/Vue_Starter/src/_nav.js
FNF:0
FNH:0
LF:0
LH:0
BRF:0
BRH:0
end_of_record
TN:
SF:/Users/tianqiao/Desktop/Vue_Starter/src/components/index.js
FNF:0
FNH:0
LF:0
LH:0
BRF:0
BRH:0
end_of_record
TN:
SF:/Users/tianqiao/Desktop/Vue_Starter/src/components/Aside.vue
FNF:0
FNH:0
LF:0
LH:0
BRF:0
BRH:0
end_of_record
TN:
SF:/Users/tianqiao/Desktop/Vue_Starter/src/components/Breadcrumb.vue
FN:16,(anonymous_0)
FNF:1
FNH:0
FNDA:0,(anonymous_0)
DA:16,0
DA:21,0
DA:24,0
DA:25,0
DA:27,0
DA:28,0
DA:30,0
LF:7
LH:0
BRDA:24,0,0,0
BRDA:24,0,1,0
BRDA:24,1,0,0
BRDA:24,1,1,0
BRDA:25,2,0,0
BRDA:25,2,1,0
BRDA:27,3,0,0
BRDA:27,3,1,0
BRF:8
BRH:0
end_of_record
TN:
SF:/Users/tianqiao/Desktop/Vue_Starter/src/components/Callout.vue
FNF:0
FNH:0
DA:16,0
DA:22,0
LF:2
LH:0
BRDA:22,0,0,0
BRDA:22,0,1,0
BRF:2
BRH:0
end_of_record
TN:
SF:/Users/tianqiao/Desktop/Vue_Starter/src/components/Footer.vue
FNF:0
FNH:0
LF:0
LH:0
BRF:0
BRH:0
end_of_record
TN:
SF:/Users/tianqiao/Desktop/Vue_Starter/src/components/Header.vue
FNF:0
FNH:0
DA:20,0
DA:21,0
DA:24,0
DA:25,0
DA:28,0
DA:29,0
DA:32,0
DA:33,0
LF:8
LH:0
BRF:0
BRH:0
end_of_record
TN:
SF:/Users/tianqiao/Desktop/Vue_Starter/src/components/Sidebar/Sidebar.vue
FN:70,(anonymous_0)
FNF:1
FNH:0
FNDA:0,(anonymous_0)
DA:70,0
DA:87,0
DA:88,0
LF:3
LH:0
BRF:0
BRH:0
end_of_record
TN:
SF:/Users/tianqiao/Desktop/Vue_Starter/src/components/Sidebar/SidebarFooter.vue
FNF:0
FNH:0
LF:0
LH:0
BRF:0
BRH:0
end_of_record
TN:
SF:/Users/tianqiao/Desktop/Vue_Starter/src/components/Sidebar/SidebarForm.vue
FNF:0
FNH:0
LF:0
LH:0
BRF:0
BRH:0
end_of_record
TN:
SF:/Users/tianqiao/Desktop/Vue_Starter/src/components/Sidebar/SidebarHeader.vue
FNF:0
FNH:0
LF:0
LH:0
BRF:0
BRH:0
end_of_record
TN:
SF:/Users/tianqiao/Desktop/Vue_Starter/src/components/Sidebar/SidebarMinimizer.vue
FNF:0
FNH:0
DA:10,0
DA:13,0
LF:2
LH:0
BRF:0
BRH:0
end_of_record
TN:
SF:/Users/tianqiao/Desktop/Vue_Starter/src/components/Sidebar/SidebarNavDivider.vue
FNF:0
FNH:0
DA:16,0
DA:22,0
LF:2
LH:0
BRDA:22,0,0,0
BRDA:22,0,1,0
BRF:2
BRH:0
end_of_record
TN:
SF:/Users/tianqiao/Desktop/Vue_Starter/src/components/Sidebar/SidebarNavDropdown.vue
FNF:0
FNH:0
DA:28,0
DA:29,0
LF:2
LH:0
BRF:0
BRH:0
end_of_record
TN:
SF:/Users/tianqiao/Desktop/Vue_Starter/src/components/Sidebar/SidebarNavLink.vue
FN:34,(anonymous_0)
FNF:1
FNH:0
FNDA:0,(anonymous_0)
DA:47,0
DA:54,0
DA:57,0
DA:60,0
DA:61,0
DA:63,0
LF:6
LH:0
BRDA:54,0,0,0
BRDA:54,0,1,0
BRDA:57,1,0,0
BRDA:57,1,1,0
BRDA:60,2,0,0
BRDA:60,2,1,0
BRF:6
BRH:0
end_of_record
TN:
SF:/Users/tianqiao/Desktop/Vue_Starter/src/components/Sidebar/SidebarNavTitle.vue
FN:27,(anonymous_0)
FNF:1
FNH:0
FNDA:0,(anonymous_0)
DA:32,0
DA:38,0
LF:2
LH:0
BRDA:38,0,0,0
BRDA:38,0,1,0
BRF:2
BRH:0
end_of_record
TN:
SF:/Users/tianqiao/Desktop/Vue_Starter/src/components/Sidebar/SidebarNavItem.vue
FNF:0
FNH:0
DA:18,0
DA:24,0
LF:2
LH:0
BRDA:24,0,0,0
BRDA:24,0,1,0
BRF:2
BRH:0
end_of_record
TN:
SF:/Users/tianqiao/Desktop/Vue_Starter/src/components/Sidebar/SidebarNavLabel.vue
FN:36,(anonymous_0)
FNF:1
FNH:0
FNDA:0,(anonymous_0)
DA:41,0
DA:50,0
DA:55,0
LF:3
LH:0
BRDA:45,0,0,0
BRDA:45,0,1,0
BRDA:46,1,0,0
BRDA:46,1,1,0
BRDA:47,2,0,0
BRDA:47,2,1,0
BRDA:55,3,0,0
BRDA:55,3,1,0
BRF:8
BRH:0
end_of_record
TN:
SF:/Users/tianqiao/Desktop/Vue_Starter/src/components/Switch.vue
FNF:0
FNH:0
DA:61,0
DA:70,0
DA:73,0
DA:76,0
DA:79,0
DA:82,0
DA:85,0
DA:90,0
LF:8
LH:0
BRDA:70,0,0,0
BRDA:70,0,1,0
BRDA:73,1,0,0
BRDA:73,1,1,0
BRDA:76,2,0,0
BRDA:76,2,1,0
BRDA:79,3,0,0
BRDA:79,3,1,0
BRDA:85,4,0,0
BRDA:85,4,1,0
BRDA:90,5,0,0
BRDA:90,5,1,0
BRF:12
BRH:0
end_of_record
TN:
SF:/Users/tianqiao/Desktop/Vue_Starter/src/containers/Full.vue
FNF:0
FNH:0
DA:32,0
DA:38,0
DA:41,0
LF:3
LH:0
BRF:0
BRH:0
end_of_record
TN:
SF:/Users/tianqiao/Desktop/Vue_Starter/src/router/index.js
FN:15,(anonymous_0)
FNF:1
FNH:0
FNDA:0,(anonymous_0)
DA:10,1
DA:15,0
LF:2
LH:1
BRF:0
BRH:0
end_of_record
